DEBUG LogDel.<init>(LogDel.java:27) - 삭제 대상 경로/var/lib/tomcat-pms/logs
DEBUG LogDel.<init>(LogDel.java:28) - 삭제 대상 경로/var/lib/tomcat-pcs/logs
DEBUG LogDel.<init>(LogDel.java:29) - 삭제 대상 경로/var/lib/oldtomcat-pcs/logs
DEBUG LogDel.<init>(LogDel.java:32) - 로그 삭제 주기..15일
DEBUG LogDel.<init>(LogDel.java:34) - 로그 삭제 키워드..access_log
INFO  LogDel.run(LogDel.java:41) - /var/lib/tomcat-pms/logs로그폴더 삭제할 파일 탐색 시작============
INFO  LogDel.run(LogDel.java:72) - 삭제할 파일이 존재하지 않습니다.
INFO  LogDel.run(LogDel.java:76) - /var/lib/tomcat-pms/logs 삭제할 파일 탐색 완료============================

INFO  LogDel.run(LogDel.java:41) - /var/lib/tomcat-pcs/logs로그폴더 삭제할 파일 탐색 시작============
INFO  LogDel.run(LogDel.java:62) - /var/lib/tomcat-pcs/logs경로의localhost_access_log.2016-10-10.txt로그를 삭제했습니다.
INFO  LogDel.run(LogDel.java:62) - /var/lib/tomcat-pcs/logs경로의localhost_access_log.2016-10-11.txt로그를 삭제했습니다.
INFO  LogDel.run(LogDel.java:70) - /var/lib/tomcat-pcs/logs경로의삭제된 로그 갯수 : 2
INFO  LogDel.run(LogDel.java:76) - /var/lib/tomcat-pcs/logs 삭제할 파일 탐색 완료============================

INFO  LogDel.run(LogDel.java:41) - /var/lib/oldtomcat-pcs/logs로그폴더 삭제할 파일 탐색 시작============
INFO  LogDel.run(LogDel.java:72) - 삭제할 파일이 존재하지 않습니다.
INFO  LogDel.run(LogDel.java:76) - /var/lib/oldtomcat-pcs/logs 삭제할 파일 탐색 완료============================

DEBUG LogDel.<init>(LogDel.java:27) - 삭제 대상 경로/var/lib/tomcat-pms/logs
DEBUG LogDel.<init>(LogDel.java:28) - 삭제 대상 경로/var/lib/tomcat-pcs/logs
DEBUG LogDel.<init>(LogDel.java:29) - 삭제 대상 경로/var/lib/oldtomcat-pcs/logs
DEBUG LogDel.<init>(LogDel.java:32) - 로그 삭제 주기..10일
DEBUG LogDel.<init>(LogDel.java:34) - 로그 삭제 키워드..access_log
INFO  LogDel.run(LogDel.java:41) - /var/lib/tomcat-pms/logs로그폴더 삭제할 파일 탐색 시작============
INFO  LogDel.run(LogDel.java:62) - /var/lib/tomcat-pms/logs경로의localhost_access_log.2016-10-17.txt로그를 삭제했습니다.
INFO  LogDel.run(LogDel.java:70) - /var/lib/tomcat-pms/logs경로의삭제된 로그 갯수 : 1
INFO  LogDel.run(LogDel.java:76) - /var/lib/tomcat-pms/logs 삭제할 파일 탐색 완료============================

INFO  LogDel.run(LogDel.java:41) - /var/lib/tomcat-pcs/logs로그폴더 삭제할 파일 탐색 시작============
INFO  LogDel.run(LogDel.java:72) - 삭제할 파일이 존재하지 않습니다.
INFO  LogDel.run(LogDel.java:76) - /var/lib/tomcat-pcs/logs 삭제할 파일 탐색 완료============================

INFO  LogDel.run(LogDel.java:41) - /var/lib/oldtomcat-pcs/logs로그폴더 삭제할 파일 탐색 시작============
INFO  LogDel.run(LogDel.java:62) - /var/lib/oldtomcat-pcs/logs경로의localhost_access_log.2016-10-17.txt로그를 삭제했습니다.
INFO  LogDel.run(LogDel.java:62) - /var/lib/oldtomcat-pcs/logs경로의localhost_access_log.2016-10-12.txt로그를 삭제했습니다.
INFO  LogDel.run(LogDel.java:62) - /var/lib/oldtomcat-pcs/logs경로의localhost_access_log.2016-10-13.txt로그를 삭제했습니다.
INFO  LogDel.run(LogDel.java:62) - /var/lib/oldtomcat-pcs/logs경로의localhost_access_log.2016-10-14.txt로그를 삭제했습니다.
INFO  LogDel.run(LogDel.java:62) - /var/lib/oldtomcat-pcs/logs경로의localhost_access_log.2016-10-15.txt로그를 삭제했습니다.
INFO  LogDel.run(LogDel.java:70) - /var/lib/oldtomcat-pcs/logs경로의삭제된 로그 갯수 : 5
INFO  LogDel.run(LogDel.java:76) - /var/lib/oldtomcat-pcs/logs 삭제할 파일 탐색 완료============================

Exception in thread "main" java.lang.NoClassDefFoundError: org/apache/log4j/Logger
	at LogDel.<clinit>(LogDel.java:13)
Caused by: java.lang.ClassNotFoundException: org.apache.log4j.Logger
	at java.net.URLClassLoader.findClass(URLClassLoader.java:381)
	at java.lang.ClassLoader.loadClass(ClassLoader.java:424)
	at sun.misc.Launcher$AppClassLoader.loadClass(Launcher.java:331)
	at java.lang.ClassLoader.loadClass(ClassLoader.java:357)
	... 1 more
Exception in thread "main" java.lang.NoClassDefFoundError: org/apache/log4j/Logger
	at LogDel.<clinit>(LogDel.java:13)
Caused by: java.lang.ClassNotFoundException: org.apache.log4j.Logger
	at java.net.URLClassLoader.findClass(URLClassLoader.java:381)
	at java.lang.ClassLoader.loadClass(ClassLoader.java:424)
	at sun.misc.Launcher$AppClassLoader.loadClass(Launcher.java:331)
	at java.lang.ClassLoader.loadClass(ClassLoader.java:357)
	... 1 more
